Using pre-set license
Built from '2020.3/staging' branch; Version is '2020.3.23f1 (c5d91304a876) revision 12966163'; Using compiler version '192528614'; Build Type 'Release'
OS: 'Windows 10 Home Single Language; OS build 19043.1348; Version 2009; 64bit' Language: 'pt' Physical Memory: 8102 MB
BatchMode: 1, IsHumanControllingUs: 0, StartBugReporterOnCrash: 0, Is64bit: 1, IsPro: 0

COMMAND LINE ARGUMENTS:
C:\Program Files\Unity\Hub\Editor\2020.3.23f1\Editor\Unity.exe
-adb2
-batchMode
-noUpm
-name
AssetImportWorker7
-projectPath
C:/Users/A07/Desktop/AR-Maze-GrauB
-logFile
Logs/AssetImportWorker7.log
-srvPort
53297
Successfully changed project path to: C:/Users/A07/Desktop/AR-Maze-GrauB
C:/Users/A07/Desktop/AR-Maze-GrauB
Using Asset Import Pipeline V2.
